<?xml version="1.0" encoding="UTF-8"?>
<testng-results skipped="0" failed="0" total="1" passed="1">
  <reporter-output>
  </reporter-output>
  <suite name="Default suite" duration-ms="92804" started-at="2020-12-08T07:27:41Z" finished-at="2020-12-08T07:29:13Z">
    <groups>
      <group name="cucumber">
        <method signature="AbstractTestNGCucumberTests.feature(cucumber.api.testng.CucumberFeatureWrapper)[pri:0, instance:test_Runner.Test_runner_cucumber@6aaa5eb0]" name="feature" class="cucumber.api.testng.AbstractTestNGCucumberTests"/>
      </group> <!-- cucumber -->
    </groups>
    <test name="Default test" duration-ms="92804" started-at="2020-12-08T07:27:41Z" finished-at="2020-12-08T07:29:13Z">
      <class name="test_Runner.Test_runner_cucumber">
        <test-method status="PASS" signature="setUpClass()[pri:0, instance:test_Runner.Test_runner_cucumber@6aaa5eb0]" name="setUpClass" is-config="true" duration-ms="1193" started-at="2020-12-08T12:57:41Z" finished-at="2020-12-08T12:57:42Z">
          <reporter-output>
          </reporter-output>
        </test-method> <!-- setUpClass -->
        <test-method status="PASS" signature="feature(cucumber.api.testng.CucumberFeatureWrapper)[pri:0, instance:test_Runner.Test_runner_cucumber@6aaa5eb0]" name="feature" duration-ms="90711" started-at="2020-12-08T12:57:42Z" description="Runs Cucumber Feature" data-provider="features" finished-at="2020-12-08T12:59:13Z">
          <params>
            <param index="0">
              <value>
                <![CDATA[Login Action]]>
              </value>
            </param>
          </params>
          <reporter-output>
          </reporter-output>
        </test-method> <!-- feature -->
        <test-method status="PASS" signature="tearDownClass()[pri:0, instance:test_Runner.Test_runner_cucumber@6aaa5eb0]" name="tearDownClass" is-config="true" duration-ms="677" started-at="2020-12-08T12:59:13Z" finished-at="2020-12-08T12:59:13Z">
          <reporter-output>
          </reporter-output>
        </test-method> <!-- tearDownClass -->
      </class> <!-- test_Runner.Test_runner_cucumber -->
    </test> <!-- Default test -->
  </suite> <!-- Default suite -->
</testng-results>
